Using pre-set license
Built from '2021.3/staging' branch; Version is '2021.3.19f1 (c9714fde33b6) revision 13201743'; Using compiler version '192829333'; Build Type 'Release'
OS: 'Windows 10  (10.0.19044) 64bit Core' Language: 'en' Physical Memory: 16310 MB
BatchMode: 1, IsHumanControllingUs: 0, StartBugReporterOnCrash: 0, Is64bit: 1, IsPro: 1

COMMAND LINE ARGUMENTS:
C:\Program Files\Unity\Hub\Editor\2021.3.19f1\Editor\Unity.exe
-adb2
-batchMode
-noUpm
-name
AssetImportWorker0
-projectPath
C:/Users/hosericotaconacho/Desktop/.biff/fucknite-industries/FortniteFoundry
-logFile
Logs/AssetImportWorker0.log
-srvPort
51801
Successfully changed project path to: C:/Users/hosericotaconacho/Desktop/.biff/fucknite-industries/FortniteFoundry
C:/Users/hosericotaconacho/Desktop/.biff/fucknite-industries/FortniteFoundry
[UnityMemory] Configuration Parameters - Can be set up in boot.config
    "memorysetup-bucket-allocator-granularity=16"
    "memorysetup-bucket-allocator-bucket-count=8"
    "memorysetup-bucket-allocator-block-size=33554432"
    "memorysetup-bucket-allocator-block-count=8"
    "memorysetup-main-allocator-block-size=16777216"
    "memorysetup-thread-allocator-block-size=16777216"
    "memorysetup-gfx-main-allocator-block-size=16777216"
    "memorysetup-gfx-thread-allocator-block-size=16777216"
    "memorysetup-cache-allocator-block-size=4194304"
    "memorysetup-typetree-allocator-block-size=2097152"
    "memorysetup-profiler-bucket-allocator-granularity=16"
    "memorysetup-profiler-bucket-allocator-bucket-count=8"
    "memorysetup-profiler-bucket-allocator-block-size=33554432"
    "memorysetup-profiler-bucket-allocator-block-count=8"
    "memorysetup-profiler-allocator-block-size=16777216"
    "memorysetup-profiler-editor-allocator-block-size=1048576"
    "memorysetup-temp-allocator-size-main=16777216"
    "memorysetup-job-temp-allocator-block-size=2097152"
    "memorysetup-job-temp-allocator-block-size-background=1048576"
    "memorysetup-job-temp-allocator-reduction-small-platforms=262144"
    "memorysetup-temp-allocator-size-background-worker=32768"
    "memorysetup-temp-allocator-size-job-worker=262144"
    "memorysetup-temp-allocator-size-preload-manager=33554432"
    "memorysetup-temp-allocator-size-nav-mesh-worker=65536"
    "memorysetup-temp-allocator-size-audio-worker=65536"
    "memorysetup-temp-allocator-size-cloud-worker=32768"
    "memorysetup-temp-allocator-size-gi-baking-worker=262144"
    "memorysetup-temp-allocator-size-gfx=262144"
Player connection [2252] Host "[IP] 192.168.1.117 [Port] 0 [Flags] 2 [Guid] 2307540571 [EditorId] 2307540571 [Version] 1048832 [Id] WindowsEditor(7,DESKTOP-RH6P54J) [Debug] 1 [PackageName] WindowsEditor [ProjectName] Editor" joined multi-casting on [225.0.0.222:54997]...

Player connection [2252] Host "[IP] 192.168.1.117 [Port] 0 [Flags] 2 [Guid] 2307540571 [EditorId] 2307540571 [Version] 1048832 [Id] WindowsEditor(7,DESKTOP-RH6P54J) [Debug] 1 [PackageName] WindowsEditor [ProjectName] Editor" joined alternative multi-casting on [225.0.0.222:34997]...

Refreshing native plugins compatible for Editor in 58.24 ms, found 3 plugins.
Preloading 0 native plugins for Editor in 0.00 ms.
Initialize engine version: 2021.3.19f1 (c9714fde33b6)
[Subsystems] Discovering subsystems at path C:/Program Files/Unity/Hub/Editor/2021.3.19f1/Editor/Data/Resources/UnitySubsystems
[Subsystems] Discovering subsystems at path C:/Users/hosericotaconacho/Desktop/.biff/fucknite-industries/FortniteFoundry/Assets
GfxDevice: creating device client; threaded=0; jobified=0
Direct3D:
    Version:  Direct3D 11.0 [level 11.1]
    Renderer: NVIDIA GeForce RTX 3070 Ti (ID=0x2482)
    Vendor:   NVIDIA
    VRAM:     8031 MB
    Driver:   31.0.15.2824
Initialize mono
Mono path[0] = 'C:/Program Files/Unity/Hub/Editor/2021.3.19f1/Editor/Data/Managed'
Mono path[1] = 'C:/Program Files/Unity/Hub/Editor/2021.3.19f1/Editor/Data/MonoBleedingEdge/lib/mono/unityjit-win32'
Mono config path = 'C:/Program Files/Unity/Hub/Editor/2021.3.19f1/Editor/Data/MonoBleedingEdge/etc'
Using monoOptions --debugger-agent=transport=dt_socket,embedding=1,server=y,suspend=n,address=127.0.0.1:56700
Begin MonoManager ReloadAssembly
Registering precompiled unity dll's ...
Register platform support module: C:/Program Files/Unity/Hub/Editor/2021.3.19f1/Editor/Data/PlaybackEngines/WindowsStandaloneSupport/UnityEditor.WindowsStandalone.Extensions.dll
Registered in 0.006086 seconds.
Native extension for WindowsStandalone target not found
Refreshing native plugins compatible for Editor in 56.58 ms, found 3 plugins.
Preloading 0 native plugins for Editor in 0.00 ms.
Mono: successfully reloaded assembly
- Completed reload, in  0.458 seconds
Domain Reload Profiling:
	ReloadAssembly (459ms)
		BeginReloadAssembly (57ms)
			ExecutionOrderSort (0ms)
			DisableScriptedObjects (0ms)
			BackupInstance (0ms)
			ReleaseScriptingObjects (0ms)
			CreateAndSetChildDomain (1ms)
		EndReloadAssembly (320ms)
			LoadAssemblies (55ms)
			RebuildTransferFunctionScriptingTraits (0ms)
			SetupTypeCache (71ms)
			ReleaseScriptCaches (0ms)
			RebuildScriptCaches (21ms)
			SetupLoadedEditorAssemblies (191ms)
				LogAssemblyErrors (0ms)
				InitializePlatformSupportModulesInManaged (6ms)
				SetLoadedEditorAssemblies (0ms)
				RefreshPlugins (57ms)
				BeforeProcessingInitializeOnLoad (1ms)
				ProcessInitializeOnLoadAttributes (92ms)
				ProcessInitializeOnLoadMethodAttributes (34ms)
				AfterProcessingInitializeOnLoad (0ms)
				EditorAssembliesLoaded (0ms)
			ExecutionOrderSort2 (0ms)
			AwakeInstancesAfterBackupRestoration (0ms)
Platform modules already initialized, skipping
Registering precompiled user dll's ...
Registered in 0.004282 seconds.
Begin MonoManager ReloadAssembly
Symbol file LoadedFromMemory doesn't match image C:\Users\hosericotaconacho\Desktop\.biff\fucknite-industries\FortniteFoundry\Library\PackageCache\com.unity.visualscripting@1.8.0\Editor\VisualScripting.Core\Dependencies\YamlDotNet\Unity.VisualScripting.YamlDotNet.dll
Symbol file LoadedFromMemory doesn't match image C:\Users\hosericotaconacho\Desktop\.biff\fucknite-industries\FortniteFoundry\Library\PackageCache\com.unity.visualscripting@1.8.0\Editor\VisualScripting.Core\Dependencies\DotNetZip\Unity.VisualScripting.IonicZip.dll
Native extension for WindowsStandalone target not found
Refreshing native plugins compatible for Editor in 0.52 ms, found 3 plugins.
Preloading 0 native plugins for Editor in 0.00 ms.
Mono: successfully reloaded assembly
- Completed reload, in  0.703 seconds
Domain Reload Profiling:
	ReloadAssembly (704ms)
		BeginReloadAssembly (80ms)
			ExecutionOrderSort (0ms)
			DisableScriptedObjects (5ms)
			BackupInstance (0ms)
			ReleaseScriptingObjects (0ms)
			CreateAndSetChildDomain (15ms)
		EndReloadAssembly (539ms)
			LoadAssemblies (56ms)
			RebuildTransferFunctionScriptingTraits (0ms)
			SetupTypeCache (167ms)
			ReleaseScriptCaches (0ms)
			RebuildScriptCaches (34ms)
			SetupLoadedEditorAssemblies (250ms)
				LogAssemblyErrors (0ms)
				InitializePlatformSupportModulesInManaged (5ms)
				SetLoadedEditorAssemblies (0ms)
				RefreshPlugins (1ms)
				BeforeProcessingInitializeOnLoad (67ms)
				ProcessInitializeOnLoadAttributes (156ms)
				ProcessInitializeOnLoadMethodAttributes (15ms)
				AfterProcessingInitializeOnLoad (7ms)
				EditorAssembliesLoaded (0ms)
			ExecutionOrderSort2 (0ms)
			AwakeInstancesAfterBackupRestoration (4ms)
Platform modules already initialized, skipping
========================================================================
Worker process is ready to serve import requests
Launched and connected shader compiler UnityShaderCompiler.exe after 0.05 seconds
Refreshing native plugins compatible for Editor in 0.61 ms, found 3 plugins.
Preloading 0 native plugins for Editor in 0.00 ms.
Unloading 3047 Unused Serialized files (Serialized files now loaded: 0)
Unloading 24 unused Assets / (113.5 KB). Loaded Objects now: 3507.
Memory consumption went from 108.4 MB to 108.3 MB.
Total: 2.207100 ms (FindLiveObjects: 0.185800 ms CreateObjectMapping: 0.139200 ms MarkObjects: 1.808500 ms  DeleteObjects: 0.072800 ms)

AssetImportParameters requested are different than current active one (requested -> active):
  custom:video-decoder-ogg-theora: a1e56fd34408186e4bbccfd4996cb3dc -> 
  custom:container-muxer-webm: aa71ff27fc2769a1b78a27578f13a17b -> 
  custom:container-demuxer-webm: 4f35f7cbe854078d1ac9338744f61a02 -> 
  custom:video-encoder-webm-vp8: eb34c28f22e8b96e1ab97ce403110664 -> 
  custom:audio-encoder-webm-vorbis: bf7c407c2cedff20999df2af8eb42d56 -> 
  custom:framework-win-MediaFoundation: 216162199b28c13a410421893ffa2e32 -> 
  custom:container-demuxer-ogg: 62fdf1f143b41e24485cea50d1cbac27 -> 
  custom:video-decoder-webm-vp8: 9c59270c3fd7afecdb556c50c9e8de78 -> 
  custom:audio-decoder-ogg-vorbis: bf7c407c2cedff20999df2af8eb42d56 -> 
========================================================================
Received Import Request.
  Time since last request: 6036.724182 seconds.
  path: Assets/SunnyLand Artwork/Scenes
  artifactKey: Guid(2fbfde5acb83dcf45971dff2335ebcb6) Importer(815301076,1909f56bfc062723c751e8b465ee728b)
Start importing Assets/SunnyLand Artwork/Scenes using Guid(2fbfde5acb83dcf45971dff2335ebcb6) Importer(815301076,1909f56bfc062723c751e8b465ee728b)  -> (artifact id: '4d0cc558dbb9279440a0ccbd86a02471') in 0.009552 seconds 
========================================================================
Received Import Request.
  Time since last request: 3.739814 seconds.
  path: Assets/SunnyLand Artwork/Environment
  artifactKey: Guid(7174750bdca91466fa784bba50da49b4) Importer(815301076,1909f56bfc062723c751e8b465ee728b)
Start importing Assets/SunnyLand Artwork/Environment using Guid(7174750bdca91466fa784bba50da49b4) Importer(815301076,1909f56bfc062723c751e8b465ee728b)  -> (artifact id: '7d6af9f755a270f6fbadb3a28d0a0f55') in 0.004973 seconds 
========================================================================
Received Import Request.
  Time since last request: 0.072319 seconds.
  path: Assets/SunnyLand Artwork/Environment/back.png
  artifactKey: Guid(8e160a2a620644cd6afef9119dad1093) Importer(815301076,1909f56bfc062723c751e8b465ee728b)
Start importing Assets/SunnyLand Artwork/Environment/back.png using Guid(8e160a2a620644cd6afef9119dad1093) Importer(815301076,1909f56bfc062723c751e8b465ee728b)  -> (artifact id: 'abd6e41d5a4dff4e9b636b469432c23c') in 0.107458 seconds 
========================================================================
Received Import Request.
  Time since last request: 1.691719 seconds.
  path: Assets/SunnyLand Artwork/Environment/Tileset
  artifactKey: Guid(f2b645eff4161c948a381d150c0904d6) Importer(815301076,1909f56bfc062723c751e8b465ee728b)
Start importing Assets/SunnyLand Artwork/Environment/Tileset using Guid(f2b645eff4161c948a381d150c0904d6) Importer(815301076,1909f56bfc062723c751e8b465ee728b)  -> (artifact id: '07a2554165925cfab918cbfc4ee29b81') in 0.005285 seconds 
========================================================================
Received Import Request.
  Time since last request: 0.047896 seconds.
  path: Assets/SunnyLand Artwork/Environment/Tileset/Main Palette.prefab
  artifactKey: Guid(2abb85ccc811c9548bb18717d38a404e) Importer(815301076,1909f56bfc062723c751e8b465ee728b)
Start importing Assets/SunnyLand Artwork/Environment/Tileset/Main Palette.prefab using Guid(2abb85ccc811c9548bb18717d38a404e) Importer(815301076,1909f56bfc062723c751e8b465ee728b)  -> (artifact id: '2a5a5ab9db55c68ff8f994c49f40c2c4') in 0.103999 seconds 
========================================================================
Received Import Request.
  Time since last request: 0.000014 seconds.
  path: Assets/SunnyLand Artwork/Environment/Tileset/tileset-sliced_63.asset
  artifactKey: Guid(772edceb43b2f0543ab7be0cc5f7851a) Importer(815301076,1909f56bfc062723c751e8b465ee728b)
Start importing Assets/SunnyLand Artwork/Environment/Tileset/tileset-sliced_63.asset using Guid(772edceb43b2f0543ab7be0cc5f7851a) Importer(815301076,1909f56bfc062723c751e8b465ee728b)  -> (artifact id: 'f10142c15513451d5476d397696d76a0') in 0.009685 seconds 
========================================================================
Received Import Request.
  Time since last request: 0.000015 seconds.
  path: Assets/SunnyLand Artwork/Environment/Tileset/tileset-sliced_6.asset
  artifactKey: Guid(86c556afa3a132048b03b316efc9f897) Importer(815301076,1909f56bfc062723c751e8b465ee728b)
Start importing Assets/SunnyLand Artwork/Environment/Tileset/tileset-sliced_6.asset using Guid(86c556afa3a132048b03b316efc9f897) Importer(815301076,1909f56bfc062723c751e8b465ee728b)  -> (artifact id: '8e50d3a204587ae386a7b102ed43cca6') in 0.006799 seconds 
========================================================================
Received Import Request.
  Time since last request: 0.000016 seconds.
  path: Assets/SunnyLand Artwork/Environment/Tileset/tileset-sliced_74.asset
  artifactKey: Guid(c6552e41282d9554087c672319895a4e) Importer(815301076,1909f56bfc062723c751e8b465ee728b)
Start importing Assets/SunnyLand Artwork/Environment/Tileset/tileset-sliced_74.asset using Guid(c6552e41282d9554087c672319895a4e) Importer(815301076,1909f56bfc062723c751e8b465ee728b)  -> (artifact id: '16cbed6e2bc28f781114b40f26c24702') in 0.007999 seconds 
========================================================================
Received Import Request.
  Time since last request: 0.000013 seconds.
  path: Assets/SunnyLand Artwork/Environment/Tileset/tileset-sliced_67.asset
  artifactKey: Guid(119c502018dad434bbdccc32e76491e8) Importer(815301076,1909f56bfc062723c751e8b465ee728b)
Start importing Assets/SunnyLand Artwork/Environment/Tileset/tileset-sliced_67.asset using Guid(119c502018dad434bbdccc32e76491e8) Importer(815301076,1909f56bfc062723c751e8b465ee728b)  -> (artifact id: '8cb095c53ff8d44410e3b39c0c581904') in 0.007792 seconds 
========================================================================
Received Import Request.
  Time since last request: 0.000015 seconds.
  path: Assets/SunnyLand Artwork/Environment/Tileset/tileset-sliced_47.asset
  artifactKey: Guid(6267d21089f75674e8925b33d103c902) Importer(815301076,1909f56bfc062723c751e8b465ee728b)
Start importing Assets/SunnyLand Artwork/Environment/Tileset/tileset-sliced_47.asset using Guid(6267d21089f75674e8925b33d103c902) Importer(815301076,1909f56bfc062723c751e8b465ee728b)  -> (artifact id: '80cf59e02a5ffc63dd599b260ad97cfe') in 0.007226 seconds 
========================================================================
Received Import Request.
  Time since last request: 0.000020 seconds.
  path: Assets/SunnyLand Artwork/Environment/Tileset/tileset-sliced_42.asset
  artifactKey: Guid(bd649b0ac389e614584644136213427d) Importer(815301076,1909f56bfc062723c751e8b465ee728b)
Start importing Assets/SunnyLand Artwork/Environment/Tileset/tileset-sliced_42.asset using Guid(bd649b0ac389e614584644136213427d) Importer(815301076,1909f56bfc062723c751e8b465ee728b)  -> (artifact id: '1c3951249e6b332d43b8cddfae0b8e43') in 0.007391 seconds 
========================================================================
Received Import Request.
  Time since last request: 0.000016 seconds.
  path: Assets/SunnyLand Artwork/Environment/Tileset/tileset-sliced_9.asset
  artifactKey: Guid(01eacddc850c8594d98ac323a25210ac) Importer(815301076,1909f56bfc062723c751e8b465ee728b)
Start importing Assets/SunnyLand Artwork/Environment/Tileset/tileset-sliced_9.asset using Guid(01eacddc850c8594d98ac323a25210ac) Importer(815301076,1909f56bfc062723c751e8b465ee728b)  -> (artifact id: '581cd0b75ec316920620ca2792a2c0a6') in 0.007284 seconds 
========================================================================
Received Import Request.
  Time since last request: 0.000013 seconds.
  path: Assets/SunnyLand Artwork/Environment/Tileset/tileset-sliced_28.asset
  artifactKey: Guid(6b437b4fa0d0f4648b4f687cf539ab76) Importer(815301076,1909f56bfc062723c751e8b465ee728b)
Start importing Assets/SunnyLand Artwork/Environment/Tileset/tileset-sliced_28.asset using Guid(6b437b4fa0d0f4648b4f687cf539ab76) Importer(815301076,1909f56bfc062723c751e8b465ee728b)  -> (artifact id: 'bdc23a15deb5832a3080492481630478') in 0.006927 seconds 
========================================================================
Received Import Request.
  Time since last request: 0.000013 seconds.
  path: Assets/SunnyLand Artwork/Environment/Tileset/tileset-sliced_35.asset
  artifactKey: Guid(d497bb3d933aaad4b90a7c77e66b856a) Importer(815301076,1909f56bfc062723c751e8b465ee728b)
Start importing Assets/SunnyLand Artwork/Environment/Tileset/tileset-sliced_35.asset using Guid(d497bb3d933aaad4b90a7c77e66b856a) Importer(815301076,1909f56bfc062723c751e8b465ee728b)  -> (artifact id: 'a49bb28c70f81a7e7bdd94906a842b22') in 0.006679 seconds 
========================================================================
Received Import Request.
  Time since last request: 0.000022 seconds.
  path: Assets/SunnyLand Artwork/Environment/Tileset/tileset-sliced_78.asset
  artifactKey: Guid(4d820143dabff7f48888a021fb66efe6) Importer(815301076,1909f56bfc062723c751e8b465ee728b)
Start importing Assets/SunnyLand Artwork/Environment/Tileset/tileset-sliced_78.asset using Guid(4d820143dabff7f48888a021fb66efe6) Importer(815301076,1909f56bfc062723c751e8b465ee728b)  -> (artifact id: 'ef1e6fc244944c677348ea3d3819bfe9') in 0.007508 seconds 
========================================================================
Received Import Request.
  Time since last request: 0.000012 seconds.
  path: Assets/SunnyLand Artwork/Environment/Tileset/tileset-sliced_45.asset
  artifactKey: Guid(6232d16a90f135d4ea368d5e8b34b4a3) Importer(815301076,1909f56bfc062723c751e8b465ee728b)
Start importing Assets/SunnyLand Artwork/Environment/Tileset/tileset-sliced_45.asset using Guid(6232d16a90f135d4ea368d5e8b34b4a3) Importer(815301076,1909f56bfc062723c751e8b465ee728b)  -> (artifact id: 'f5931b2a7f4f2c11b0da95cd8ea849ec') in 0.006713 seconds 
========================================================================
Received Import Request.
  Time since last request: 0.000014 seconds.
  path: Assets/SunnyLand Artwork/Environment/Tileset/tileset-sliced_39.asset
  artifactKey: Guid(85df98f43e21653469271533f4038122) Importer(815301076,1909f56bfc062723c751e8b465ee728b)
Start importing Assets/SunnyLand Artwork/Environment/Tileset/tileset-sliced_39.asset using Guid(85df98f43e21653469271533f4038122) Importer(815301076,1909f56bfc062723c751e8b465ee728b)  -> (artifact id: 'e7f43980f8afd7ff7f796102f1f4adfd') in 0.007775 seconds 
========================================================================
Received Import Request.
  Time since last request: 0.000014 seconds.
  path: Assets/SunnyLand Artwork/Environment/Tileset/tileset-sliced_69.asset
  artifactKey: Guid(e185933dd07e3b04c9f1b9bccde48919) Importer(815301076,1909f56bfc062723c751e8b465ee728b)
Start importing Assets/SunnyLand Artwork/Environment/Tileset/tileset-sliced_69.asset using Guid(e185933dd07e3b04c9f1b9bccde48919) Importer(815301076,1909f56bfc062723c751e8b465ee728b)  -> (artifact id: 'b6911a7cb982632fde635fc2cc1a1095') in 0.008155 seconds 
========================================================================
Received Import Request.
  Time since last request: 0.000018 seconds.
  path: Assets/SunnyLand Artwork/Environment/Tileset/tileset-sliced_59.asset
  artifactKey: Guid(816cd67d36b9e13408f323bcf7d82ebe) Importer(815301076,1909f56bfc062723c751e8b465ee728b)
Start importing Assets/SunnyLand Artwork/Environment/Tileset/tileset-sliced_59.asset using Guid(816cd67d36b9e13408f323bcf7d82ebe) Importer(815301076,1909f56bfc062723c751e8b465ee728b)  -> (artifact id: 'a4ee2a45def2db062405ef2c4aeb29d6') in 0.006991 seconds 
========================================================================
Received Import Request.
  Time since last request: 0.000014 seconds.
  path: Assets/SunnyLand Artwork/Environment/Tileset/tileset-sliced_31.asset
  artifactKey: Guid(a7dca9d71591f534d82dfb8263cc6b2b) Importer(815301076,1909f56bfc062723c751e8b465ee728b)
Start importing Assets/SunnyLand Artwork/Environment/Tileset/tileset-sliced_31.asset using Guid(a7dca9d71591f534d82dfb8263cc6b2b) Importer(815301076,1909f56bfc062723c751e8b465ee728b)  -> (artifact id: '5b2d08ef567dacf301f73bc2ec61ce26') in 0.007646 seconds 
========================================================================
Received Import Request.
  Time since last request: 0.000014 seconds.
  path: Assets/SunnyLand Artwork/Environment/Tileset/tileset-sliced_70.asset
  artifactKey: Guid(812a3bb7082abc34db8466cb0104cb00) Importer(815301076,1909f56bfc062723c751e8b465ee728b)
Start importing Assets/SunnyLand Artwork/Environment/Tileset/tileset-sliced_70.asset using Guid(812a3bb7082abc34db8466cb0104cb00) Importer(815301076,1909f56bfc062723c751e8b465ee728b)  -> (artifact id: '08c5a5c01068237a16e141ed47311556') in 0.007308 seconds 
========================================================================
Received Import Request.
  Time since last request: 0.000013 seconds.
  path: Assets/SunnyLand Artwork/Environment/Tileset/tileset-sliced_11.asset
  artifactKey: Guid(dbd12c47406d66c4d837cd67f6157a9f) Importer(815301076,1909f56bfc062723c751e8b465ee728b)
Start importing Assets/SunnyLand Artwork/Environment/Tileset/tileset-sliced_11.asset using Guid(dbd12c47406d66c4d837cd67f6157a9f) Importer(815301076,1909f56bfc062723c751e8b465ee728b)  -> (artifact id: 'e2cb6ff07dd063ea91523acdc4801256') in 0.007319 seconds 
========================================================================
Received Import Request.
  Time since last request: 0.000013 seconds.
  path: Assets/SunnyLand Artwork/Environment/Tileset/tileset-sliced_13.asset
  artifactKey: Guid(b7db3835f44776744aa6b17f5fe0bd26) Importer(815301076,1909f56bfc062723c751e8b465ee728b)
Start importing Assets/SunnyLand Artwork/Environment/Tileset/tileset-sliced_13.asset using Guid(b7db3835f44776744aa6b17f5fe0bd26) Importer(815301076,1909f56bfc062723c751e8b465ee728b)  -> (artifact id: '7402f50e3082fe1638458f86c277017e') in 0.008404 seconds 
========================================================================
Received Import Request.
  Time since last request: 0.000013 seconds.
  path: Assets/SunnyLand Artwork/Environment/Tileset/tileset-sliced_75.asset
  artifactKey: Guid(980de823f08f5c8429c5090bd39089aa) Importer(815301076,1909f56bfc062723c751e8b465ee728b)
Start importing Assets/SunnyLand Artwork/Environment/Tileset/tileset-sliced_75.asset using Guid(980de823f08f5c8429c5090bd39089aa) Importer(815301076,1909f56bfc062723c751e8b465ee728b)  -> (artifact id: '9d6da21e4587d1538f000bce58f9c5cf') in 0.010222 seconds 
========================================================================
Received Import Request.
  Time since last request: 0.000048 seconds.
  path: Assets/SunnyLand Artwork/Environment/Tileset/tileset-sliced_2.asset
  artifactKey: Guid(6106597909d47804dad36a5aab5d99b8) Importer(815301076,1909f56bfc062723c751e8b465ee728b)
Start importing Assets/SunnyLand Artwork/Environment/Tileset/tileset-sliced_2.asset using Guid(6106597909d47804dad36a5aab5d99b8) Importer(815301076,1909f56bfc062723c751e8b465ee728b)  -> (artifact id: '5b131c6a794b7d54196b4fbf573039d6') in 0.007795 seconds 
========================================================================
Received Import Request.
  Time since last request: 0.000014 seconds.
  path: Assets/SunnyLand Artwork/Environment/Tileset/tileset-sliced_8.asset
  artifactKey: Guid(d8dc96555df42e94dba565eae3e3e30d) Importer(815301076,1909f56bfc062723c751e8b465ee728b)
Start importing Assets/SunnyLand Artwork/Environment/Tileset/tileset-sliced_8.asset using Guid(d8dc96555df42e94dba565eae3e3e30d) Importer(815301076,1909f56bfc062723c751e8b465ee728b)  -> (artifact id: '7d86e941c83d8da197a85c96efd95148') in 0.007963 seconds 
========================================================================
Received Import Request.
  Time since last request: 0.000013 seconds.
  path: Assets/SunnyLand Artwork/Environment/Tileset/tileset-sliced_38.asset
  artifactKey: Guid(897eed2c71ed45749b27f38e360b92fc) Importer(815301076,1909f56bfc062723c751e8b465ee728b)
Start importing Assets/SunnyLand Artwork/Environment/Tileset/tileset-sliced_38.asset using Guid(897eed2c71ed45749b27f38e360b92fc) Importer(815301076,1909f56bfc062723c751e8b465ee728b)  -> (artifact id: '22dfe84c5d9a4c9e0bf7f39eececa741') in 0.008318 seconds 
========================================================================
Received Import Request.
  Time since last request: 0.000015 seconds.
  path: Assets/SunnyLand Artwork/Environment/Tileset/tileset-sliced_54.asset
  artifactKey: Guid(c2ee9b794942d86438549fd521ed5c44) Importer(815301076,1909f56bfc062723c751e8b465ee728b)
Start importing Assets/SunnyLand Artwork/Environment/Tileset/tileset-sliced_54.asset using Guid(c2ee9b794942d86438549fd521ed5c44) Importer(815301076,1909f56bfc062723c751e8b465ee728b)  -> (artifact id: '4dc9a44e774d107375491ba590914734') in 0.007149 seconds 
========================================================================
Received Import Request.
  Time since last request: 0.000017 seconds.
  path: Assets/SunnyLand Artwork/Environment/Tileset/tileset-sliced_29.asset
  artifactKey: Guid(fb5435fde59495f4a9d8d148615b47fa) Importer(815301076,1909f56bfc062723c751e8b465ee728b)
Start importing Assets/SunnyLand Artwork/Environment/Tileset/tileset-sliced_29.asset using Guid(fb5435fde59495f4a9d8d148615b47fa) Importer(815301076,1909f56bfc062723c751e8b465ee728b)  -> (artifact id: '48750ecab0a285c68226004c0ebb41a6') in 0.007539 seconds 
========================================================================
Received Import Request.
  Time since last request: 0.000015 seconds.
  path: Assets/SunnyLand Artwork/Environment/Tileset/tileset-sliced_64.asset
  artifactKey: Guid(289e056c352bcc0438d5a175da7cb378) Importer(815301076,1909f56bfc062723c751e8b465ee728b)
Start importing Assets/SunnyLand Artwork/Environment/Tileset/tileset-sliced_64.asset using Guid(289e056c352bcc0438d5a175da7cb378) Importer(815301076,1909f56bfc062723c751e8b465ee728b)  -> (artifact id: '0f5ca12814d454d997fa9d57b7eba767') in 0.007568 seconds 
========================================================================
Received Import Request.
  Time since last request: 0.000014 seconds.
  path: Assets/SunnyLand Artwork/Environment/Tileset/tileset-sliced_34.asset
  artifactKey: Guid(ebb04c796935ff349956ff30bf515073) Importer(815301076,1909f56bfc062723c751e8b465ee728b)
Start importing Assets/SunnyLand Artwork/Environment/Tileset/tileset-sliced_34.asset using Guid(ebb04c796935ff349956ff30bf515073) Importer(815301076,1909f56bfc062723c751e8b465ee728b)  -> (artifact id: '421c0e60ce8172f61244810754fa1fdb') in 0.007917 seconds 
========================================================================
Received Import Request.
  Time since last request: 0.000016 seconds.
  path: Assets/SunnyLand Artwork/Environment/Tileset/tileset-sliced_66.asset
  artifactKey: Guid(0e47bc3f4f4fa6842bcc126de133fd67) Importer(815301076,1909f56bfc062723c751e8b465ee728b)
Start importing Assets/SunnyLand Artwork/Environment/Tileset/tileset-sliced_66.asset using Guid(0e47bc3f4f4fa6842bcc126de133fd67) Importer(815301076,1909f56bfc062723c751e8b465ee728b)  -> (artifact id: 'd3ca4e0b136f2b1f06dfb341cc9b489f') in 0.006899 seconds 
========================================================================
Received Import Request.
  Time since last request: 0.000023 seconds.
  path: Assets/SunnyLand Artwork/Environment/Tileset/tileset-sliced_37.asset
  artifactKey: Guid(0db47fab51e28614f89faface3c7e766) Importer(815301076,1909f56bfc062723c751e8b465ee728b)
Start importing Assets/SunnyLand Artwork/Environment/Tileset/tileset-sliced_37.asset using Guid(0db47fab51e28614f89faface3c7e766) Importer(815301076,1909f56bfc062723c751e8b465ee728b)  -> (artifact id: '0f19fec9594b2ed155596bcebcaea297') in 0.007944 seconds 
========================================================================
Received Import Request.
  Time since last request: 0.000014 seconds.
  path: Assets/SunnyLand Artwork/Environment/Tileset/tileset-sliced_4.asset
  artifactKey: Guid(54b92458ba807204c9bec304cecbc5f8) Importer(815301076,1909f56bfc062723c751e8b465ee728b)
Start importing Assets/SunnyLand Artwork/Environment/Tileset/tileset-sliced_4.asset using Guid(54b92458ba807204c9bec304cecbc5f8) Importer(815301076,1909f56bfc062723c751e8b465ee728b)  -> (artifact id: '139d33a7abe70d5dfab7fde487bae665') in 0.008127 seconds 
========================================================================
Received Import Request.
  Time since last request: 0.000017 seconds.
  path: Assets/SunnyLand Artwork/Environment/Tileset/tileset-sliced_50.asset
  artifactKey: Guid(5e5eaf71b365a1f4bb567388ab72640a) Importer(815301076,1909f56bfc062723c751e8b465ee728b)
Start importing Assets/SunnyLand Artwork/Environment/Tileset/tileset-sliced_50.asset using Guid(5e5eaf71b365a1f4bb567388ab72640a) Importer(815301076,1909f56bfc062723c751e8b465ee728b)  -> (artifact id: '8d0a988928836bac5e9843f7a41702cf') in 0.007400 seconds 
========================================================================
Received Import Request.
  Time since last request: 0.000016 seconds.
  path: Assets/SunnyLand Artwork/Environment/Tileset/tileset-sliced_44.asset
  artifactKey: Guid(df5b1426695aee246b7d196f56e559a4) Importer(815301076,1909f56bfc062723c751e8b465ee728b)
Start importing Assets/SunnyLand Artwork/Environment/Tileset/tileset-sliced_44.asset using Guid(df5b1426695aee246b7d196f56e559a4) Importer(815301076,1909f56bfc062723c751e8b465ee728b)  -> (artifact id: '0747bf371d33e0ce977800e9b1b54359') in 0.007533 seconds 
========================================================================
Received Import Request.
  Time since last request: 0.000018 seconds.
  path: Assets/SunnyLand Artwork/Environment/Tileset/tileset-sliced_51.asset
  artifactKey: Guid(3bd0c7c51a16804468adfa1189f4d3e7) Importer(815301076,1909f56bfc062723c751e8b465ee728b)
Start importing Assets/SunnyLand Artwork/Environment/Tileset/tileset-sliced_51.asset using Guid(3bd0c7c51a16804468adfa1189f4d3e7) Importer(815301076,1909f56bfc062723c751e8b465ee728b)  -> (artifact id: '1cdf1104bd5c6fbe775862462fda3257') in 0.006996 seconds 
========================================================================
Received Import Request.
  Time since last request: 0.000014 seconds.
  path: Assets/SunnyLand Artwork/Environment/Tileset/tileset-sliced_77.asset
  artifactKey: Guid(b987ae056d4ab844ab726fc8a95bac96) Importer(815301076,1909f56bfc062723c751e8b465ee728b)
Start importing Assets/SunnyLand Artwork/Environment/Tileset/tileset-sliced_77.asset using Guid(b987ae056d4ab844ab726fc8a95bac96) Importer(815301076,1909f56bfc062723c751e8b465ee728b)  -> (artifact id: '92e27916b866eb33e84ac991838c7999') in 0.007665 seconds 
========================================================================
Received Import Request.
  Time since last request: 0.000016 seconds.
  path: Assets/SunnyLand Artwork/Environment/Tileset/tileset-sliced_48.asset
  artifactKey: Guid(e5392e55430188a48bcd79da1a30765d) Importer(815301076,1909f56bfc062723c751e8b465ee728b)
Start importing Assets/SunnyLand Artwork/Environment/Tileset/tileset-sliced_48.asset using Guid(e5392e55430188a48bcd79da1a30765d) Importer(815301076,1909f56bfc062723c751e8b465ee728b)  -> (artifact id: 'a90931f80d8690220ca451e6b715161d') in 0.007975 seconds 
========================================================================
Received Import Request.
  Time since last request: 0.000017 seconds.
  path: Assets/SunnyLand Artwork/Environment/Tileset/tileset-sliced_36.asset
  artifactKey: Guid(db4fa6d5e47b2bb4fb72eef721796be1) Importer(815301076,1909f56bfc062723c751e8b465ee728b)
Start importing Assets/SunnyLand Artwork/Environment/Tileset/tileset-sliced_36.asset using Guid(db4fa6d5e47b2bb4fb72eef721796be1) Importer(815301076,1909f56bfc062723c751e8b465ee728b)  -> (artifact id: 'fda3826f929975209c61de2ee446f30d') in 0.009891 seconds 
========================================================================
Received Import Request.
  Time since last request: 0.000012 seconds.
  path: Assets/SunnyLand Artwork/Environment/Tileset/tileset-sliced_16.asset
  artifactKey: Guid(5248c970fd9211546bd3464de6f3c51c) Importer(815301076,1909f56bfc062723c751e8b465ee728b)
Start importing Assets/SunnyLand Artwork/Environment/Tileset/tileset-sliced_16.asset using Guid(5248c970fd9211546bd3464de6f3c51c) Importer(815301076,1909f56bfc062723c751e8b465ee728b)  -> (artifact id: 'ff71299ff26ac02d05f865237f7e4454') in 0.006908 seconds 
========================================================================
Received Import Request.
  Time since last request: 0.000014 seconds.
  path: Assets/SunnyLand Artwork/Environment/Tileset/tileset-sliced_14.asset
  artifactKey: Guid(70ef95d2121c6204d95aeb88bfbc0504) Importer(815301076,1909f56bfc062723c751e8b465ee728b)
Start importing Assets/SunnyLand Artwork/Environment/Tileset/tileset-sliced_14.asset using Guid(70ef95d2121c6204d95aeb88bfbc0504) Importer(815301076,1909f56bfc062723c751e8b465ee728b)  -> (artifact id: '2791ebcd979dacfecfe55f6d095cf76c') in 0.007528 seconds 
========================================================================
Received Import Request.
  Time since last request: 0.000013 seconds.
  path: Assets/SunnyLand Artwork/Environment/Tileset/tileset-sliced_60.asset
  artifactKey: Guid(5c8b9551abdb8ca489078ff9de589364) Importer(815301076,1909f56bfc062723c751e8b465ee728b)
Start importing Assets/SunnyLand Artwork/Environment/Tileset/tileset-sliced_60.asset using Guid(5c8b9551abdb8ca489078ff9de589364) Importer(815301076,1909f56bfc062723c751e8b465ee728b)  -> (artifact id: '3ae510f384a4c27b454da713b2c85f9b') in 0.006892 seconds 
========================================================================
Received Import Request.
  Time since last request: 0.000014 seconds.
  path: Assets/SunnyLand Artwork/Environment/Tileset/tileset-sliced_23.asset
  artifactKey: Guid(f507f9c2862ce4846baef785fb27a5f1) Importer(815301076,1909f56bfc062723c751e8b465ee728b)
Start importing Assets/SunnyLand Artwork/Environment/Tileset/tileset-sliced_23.asset using Guid(f507f9c2862ce4846baef785fb27a5f1) Importer(815301076,1909f56bfc062723c751e8b465ee728b)  -> (artifact id: '3129185f8f56e6bcc02a26b614911fdf') in 0.007837 seconds 
========================================================================
Received Import Request.
  Time since last request: 0.000016 seconds.
  path: Assets/SunnyLand Artwork/Environment/Tileset/tileset-sliced_61.asset
  artifactKey: Guid(38276c4cd23f6bb45a4df847849ceaa2) Importer(815301076,1909f56bfc062723c751e8b465ee728b)
Start importing Assets/SunnyLand Artwork/Environment/Tileset/tileset-sliced_61.asset using Guid(38276c4cd23f6bb45a4df847849ceaa2) Importer(815301076,1909f56bfc062723c751e8b465ee728b)  -> (artifact id: '2e9147e161ad1a1ada1934014949206b') in 0.007156 seconds 
========================================================================
Received Import Request.
  Time since last request: 0.000014 seconds.
  path: Assets/SunnyLand Artwork/Environment/Tileset/tileset-sliced_17.asset
  artifactKey: Guid(b9344e08b64d36842b6d88a418a3aa1f) Importer(815301076,1909f56bfc062723c751e8b465ee728b)
Start importing Assets/SunnyLand Artwork/Environment/Tileset/tileset-sliced_17.asset using Guid(b9344e08b64d36842b6d88a418a3aa1f) Importer(815301076,1909f56bfc062723c751e8b465ee728b)  -> (artifact id: 'c713c960ad51cd28e46d9aaf1d61940e') in 0.007413 seconds 
Editor requested this worker to shutdown with reason: Scaling down because of idle timeout
AssetImportWorker is now disconnected from the server
Process exiting
Exiting without the bug reporter. Application will terminate with return code 0